2025-11-09 00:17:08 - new_york_house_price - INFO - Loading configuration from config/config.yaml
2025-11-09 00:17:08 - new_york_house_price - INFO - Configuration loaded sucessfully
2025-11-09 00:17:09 - new_york_house_price - INFO - Loading production model from MLflow Registry.
2025-11-09 00:17:10 - new_york_house_price - INFO - Loading Production Model XGB_Regressor_best_model V1 from Run ID: 743f839a3ac24079aff21bb5e4f6e42d
2025-11-09 00:17:10 - new_york_house_price - INFO - Trying to load model from: models:/XGB_Regressor_best_model/Production
2025-11-09 00:17:12 - new_york_house_price - INFO - Successfully loaded model from: models:/XGB_Regressor_best_model/Production
2025-11-09 00:17:12 - new_york_house_price - INFO - Initialized DataProcessor
2025-11-09 00:17:12 - new_york_house_price - INFO - Loading Preprocessor from models/preprocessing
2025-11-09 00:17:12 - new_york_house_price - INFO - Preprocessor Loaded Successfully
2025-11-09 00:17:12 - new_york_house_price - INFO - Model (XGB_Regressor_best_model V1) and preprocessor loaded successfully
2025-11-09 00:20:16 - new_york_house_price - INFO - Loading configuration from config/config.yaml
2025-11-09 00:20:16 - new_york_house_price - INFO - Configuration loaded sucessfully
2025-11-09 00:20:17 - new_york_house_price - INFO - Loading production model from MLflow Registry.
2025-11-09 00:20:18 - new_york_house_price - INFO - Loading Production Model XGB_Regressor_best_model V1 from Run ID: 743f839a3ac24079aff21bb5e4f6e42d
2025-11-09 00:20:18 - new_york_house_price - INFO - Trying to load model from: models:/XGB_Regressor_best_model/Production
2025-11-09 00:20:20 - new_york_house_price - INFO - Successfully loaded model from: models:/XGB_Regressor_best_model/Production
2025-11-09 00:20:20 - new_york_house_price - INFO - Initialized DataProcessor
2025-11-09 00:20:20 - new_york_house_price - INFO - Loading Preprocessor from models/preprocessing
2025-11-09 00:20:20 - new_york_house_price - INFO - Preprocessor Loaded Successfully
2025-11-09 00:20:20 - new_york_house_price - INFO - Model (XGB_Regressor_best_model V1) and preprocessor loaded successfully
